{"E:\\OtusProj\\Weather\\src\\weather_list\\cityForList.ts": {"path":"E:\\OtusProj\\Weather\\src\\weather_list\\cityForList.ts","all":false,"statementMap":{"0":{"start":{"line":1,"column":0},"end":{"line":1,"column":56}},"1":{"start":{"line":2,"column":0},"end":{"line":2,"column":33}},"2":{"start":{"line":3,"column":0},"end":{"line":3,"column":0}},"3":{"start":{"line":4,"column":0},"end":{"line":4,"column":104}},"4":{"start":{"line":5,"column":0},"end":{"line":5,"column":0}},"5":{"start":{"line":6,"column":0},"end":{"line":6,"column":60}},"6":{"start":{"line":7,"column":0},"end":{"line":7,"column":44}},"7":{"start":{"line":8,"column":0},"end":{"line":8,"column":14}},"8":{"start":{"line":9,"column":0},"end":{"line":9,"column":24}},"9":{"start":{"line":10,"column":0},"end":{"line":10,"column":3}},"10":{"start":{"line":11,"column":0},"end":{"line":11,"column":38}},"11":{"start":{"line":12,"column":0},"end":{"line":12,"column":1}}},"s":{"0":1,"1":1,"2":1,"3":1,"4":1,"5":1,"6":2,"7":2,"8":1,"9":1,"10":1,"11":1},"branchMap":{"0":{"type":"branch","line":6,"loc":{"start":{"line":6,"column":7},"end":{"line":12,"column":1}},"locations":[{"start":{"line":6,"column":7},"end":{"line":12,"column":1}}]},"1":{"type":"branch","line":8,"loc":{"start":{"line":8,"column":13},"end":{"line":12,"column":1}},"locations":[{"start":{"line":8,"column":13},"end":{"line":12,"column":1}}]}},"b":{"0":[2],"1":[1]},"fnMap":{"0":{"name":"cityForList","decl":{"start":{"line":6,"column":7},"end":{"line":12,"column":1}},"loc":{"start":{"line":6,"column":7},"end":{"line":12,"column":1}},"line":6}},"f":{"0":2}}
,"E:\\OtusProj\\Weather\\src\\weather_list\\coordForList.ts": {"path":"E:\\OtusProj\\Weather\\src\\weather_list\\coordForList.ts","all":false,"statementMap":{"0":{"start":{"line":1,"column":0},"end":{"line":1,"column":56}},"1":{"start":{"line":2,"column":0},"end":{"line":2,"column":33}},"2":{"start":{"line":3,"column":0},"end":{"line":3,"column":0}},"3":{"start":{"line":4,"column":0},"end":{"line":4,"column":106}},"4":{"start":{"line":5,"column":0},"end":{"line":5,"column":0}},"5":{"start":{"line":6,"column":0},"end":{"line":6,"column":61}},"6":{"start":{"line":7,"column":0},"end":{"line":7,"column":44}},"7":{"start":{"line":8,"column":0},"end":{"line":8,"column":14}},"8":{"start":{"line":9,"column":0},"end":{"line":9,"column":57}},"9":{"start":{"line":10,"column":0},"end":{"line":10,"column":17}},"10":{"start":{"line":11,"column":0},"end":{"line":11,"column":3}},"11":{"start":{"line":12,"column":0},"end":{"line":12,"column":12}},"12":{"start":{"line":13,"column":0},"end":{"line":13,"column":1}}},"s":{"0":1,"1":1,"2":1,"3":1,"4":1,"5":1,"6":2,"7":2,"8":1,"9":1,"10":1,"11":1,"12":1},"branchMap":{"0":{"type":"branch","line":6,"loc":{"start":{"line":6,"column":7},"end":{"line":13,"column":1}},"locations":[{"start":{"line":6,"column":7},"end":{"line":13,"column":1}}]},"1":{"type":"branch","line":8,"loc":{"start":{"line":8,"column":13},"end":{"line":13,"column":1}},"locations":[{"start":{"line":8,"column":13},"end":{"line":13,"column":1}}]}},"b":{"0":[2],"1":[1]},"fnMap":{"0":{"name":"coordForList","decl":{"start":{"line":6,"column":7},"end":{"line":13,"column":1}},"loc":{"start":{"line":6,"column":7},"end":{"line":13,"column":1}},"line":6}},"f":{"0":2}}
,"E:\\OtusProj\\Weather\\src\\weather_list\\createDomEl.ts": {"path":"E:\\OtusProj\\Weather\\src\\weather_list\\createDomEl.ts","all":false,"statementMap":{"0":{"start":{"line":1,"column":0},"end":{"line":1,"column":8}},"1":{"start":{"line":2,"column":0},"end":{"line":2,"column":11}},"2":{"start":{"line":3,"column":0},"end":{"line":3,"column":16}},"3":{"start":{"line":4,"column":0},"end":{"line":4,"column":11}},"4":{"start":{"line":5,"column":0},"end":{"line":5,"column":16}},"5":{"start":{"line":6,"column":0},"end":{"line":6,"column":34}},"6":{"start":{"line":7,"column":0},"end":{"line":7,"column":46}},"7":{"start":{"line":8,"column":0},"end":{"line":8,"column":42}},"8":{"start":{"line":9,"column":0},"end":{"line":9,"column":44}},"9":{"start":{"line":10,"column":0},"end":{"line":10,"column":46}},"10":{"start":{"line":11,"column":0},"end":{"line":11,"column":58}},"11":{"start":{"line":12,"column":0},"end":{"line":12,"column":83}},"12":{"start":{"line":13,"column":0},"end":{"line":13,"column":37}},"13":{"start":{"line":14,"column":0},"end":{"line":14,"column":56}},"14":{"start":{"line":15,"column":0},"end":{"line":15,"column":0}},"15":{"start":{"line":16,"column":0},"end":{"line":16,"column":38}},"16":{"start":{"line":17,"column":0},"end":{"line":17,"column":48}},"17":{"start":{"line":18,"column":0},"end":{"line":18,"column":15}},"18":{"start":{"line":19,"column":0},"end":{"line":19,"column":18}},"19":{"start":{"line":20,"column":0},"end":{"line":20,"column":18}},"20":{"start":{"line":21,"column":0},"end":{"line":21,"column":14}},"21":{"start":{"line":22,"column":0},"end":{"line":22,"column":158}},"22":{"start":{"line":23,"column":0},"end":{"line":23,"column":54}},"23":{"start":{"line":24,"column":0},"end":{"line":24,"column":6}},"24":{"start":{"line":25,"column":0},"end":{"line":25,"column":17}},"25":{"start":{"line":26,"column":0},"end":{"line":26,"column":8}},"26":{"start":{"line":27,"column":0},"end":{"line":27,"column":10}},"27":{"start":{"line":28,"column":0},"end":{"line":28,"column":20}},"28":{"start":{"line":29,"column":0},"end":{"line":29,"column":45}},"29":{"start":{"line":30,"column":0},"end":{"line":30,"column":14}},"30":{"start":{"line":31,"column":0},"end":{"line":31,"column":15}},"31":{"start":{"line":32,"column":0},"end":{"line":32,"column":6}},"32":{"start":{"line":33,"column":0},"end":{"line":33,"column":44}},"33":{"start":{"line":34,"column":0},"end":{"line":34,"column":9}},"34":{"start":{"line":35,"column":0},"end":{"line":35,"column":8}},"35":{"start":{"line":36,"column":0},"end":{"line":36,"column":8}},"36":{"start":{"line":37,"column":0},"end":{"line":37,"column":15}},"37":{"start":{"line":38,"column":0},"end":{"line":38,"column":28}},"38":{"start":{"line":39,"column":0},"end":{"line":39,"column":45}},"39":{"start":{"line":40,"column":0},"end":{"line":40,"column":22}},"40":{"start":{"line":41,"column":0},"end":{"line":41,"column":8}},"41":{"start":{"line":42,"column":0},"end":{"line":42,"column":65}},"42":{"start":{"line":43,"column":0},"end":{"line":43,"column":8}},"43":{"start":{"line":44,"column":0},"end":{"line":44,"column":243}},"44":{"start":{"line":45,"column":0},"end":{"line":45,"column":2}},"45":{"start":{"line":46,"column":0},"end":{"line":46,"column":0}},"46":{"start":{"line":47,"column":0},"end":{"line":47,"column":48}},"47":{"start":{"line":48,"column":0},"end":{"line":48,"column":63}},"48":{"start":{"line":49,"column":0},"end":{"line":49,"column":55}},"49":{"start":{"line":50,"column":0},"end":{"line":50,"column":28}},"50":{"start":{"line":51,"column":0},"end":{"line":51,"column":4}},"51":{"start":{"line":52,"column":0},"end":{"line":52,"column":73}},"52":{"start":{"line":53,"column":0},"end":{"line":53,"column":33}},"53":{"start":{"line":54,"column":0},"end":{"line":54,"column":43}},"54":{"start":{"line":55,"column":0},"end":{"line":55,"column":66}},"55":{"start":{"line":56,"column":0},"end":{"line":56,"column":36}},"56":{"start":{"line":57,"column":0},"end":{"line":57,"column":37}},"57":{"start":{"line":58,"column":0},"end":{"line":58,"column":47}},"58":{"start":{"line":59,"column":0},"end":{"line":59,"column":51}},"59":{"start":{"line":60,"column":0},"end":{"line":60,"column":24}},"60":{"start":{"line":61,"column":0},"end":{"line":61,"column":49}},"61":{"start":{"line":62,"column":0},"end":{"line":62,"column":55}},"62":{"start":{"line":63,"column":0},"end":{"line":63,"column":35}},"63":{"start":{"line":64,"column":0},"end":{"line":64,"column":23}},"64":{"start":{"line":65,"column":0},"end":{"line":65,"column":47}},"65":{"start":{"line":66,"column":0},"end":{"line":66,"column":0}},"66":{"start":{"line":67,"column":0},"end":{"line":67,"column":42}},"67":{"start":{"line":68,"column":0},"end":{"line":68,"column":44}},"68":{"start":{"line":69,"column":0},"end":{"line":69,"column":33}},"69":{"start":{"line":70,"column":0},"end":{"line":70,"column":24}},"70":{"start":{"line":71,"column":0},"end":{"line":71,"column":30}},"71":{"start":{"line":72,"column":0},"end":{"line":72,"column":36}},"72":{"start":{"line":73,"column":0},"end":{"line":73,"column":22}},"73":{"start":{"line":74,"column":0},"end":{"line":74,"column":32}},"74":{"start":{"line":75,"column":0},"end":{"line":75,"column":68}},"75":{"start":{"line":76,"column":0},"end":{"line":76,"column":70}},"76":{"start":{"line":77,"column":0},"end":{"line":77,"column":44}},"77":{"start":{"line":78,"column":0},"end":{"line":78,"column":5}},"78":{"start":{"line":79,"column":0},"end":{"line":79,"column":5}},"79":{"start":{"line":80,"column":0},"end":{"line":80,"column":1}}},"s":{"0":1,"1":1,"2":1,"3":1,"4":1,"5":1,"6":1,"7":1,"8":1,"9":1,"10":1,"11":1,"12":1,"13":1,"14":1,"15":1,"16":1,"17":1,"18":1,"19":1,"20":1,"21":1,"22":1,"23":1,"24":1,"25":1,"26":1,"27":1,"28":1,"29":1,"30":1,"31":1,"32":1,"33":1,"34":1,"35":1,"36":1,"37":1,"38":1,"39":1,"40":1,"41":1,"42":1,"43":1,"44":1,"45":1,"46":1,"47":1,"48":1,"49":1,"50":1,"51":1,"52":1,"53":1,"54":1,"55":1,"56":1,"57":1,"58":1,"59":1,"60":1,"61":1,"62":1,"63":1,"64":1,"65":1,"66":1,"67":1,"68":1,"69":1,"70":1,"71":1,"72":1,"73":1,"74":1,"75":1,"76":1,"77":1,"78":1,"79":1},"branchMap":{"0":{"type":"branch","line":16,"loc":{"start":{"line":16,"column":7},"end":{"line":16,"column":22}},"locations":[{"start":{"line":16,"column":7},"end":{"line":16,"column":22}}]},"1":{"type":"branch","line":16,"loc":{"start":{"line":16,"column":7},"end":{"line":16,"column":22}},"locations":[{"start":{"line":16,"column":7},"end":{"line":16,"column":22}}]},"2":{"type":"branch","line":16,"loc":{"start":{"line":16,"column":7},"end":{"line":16,"column":22}},"locations":[{"start":{"line":16,"column":7},"end":{"line":16,"column":22}}]},"3":{"type":"branch","line":16,"loc":{"start":{"line":16,"column":7},"end":{"line":16,"column":22}},"locations":[{"start":{"line":16,"column":7},"end":{"line":16,"column":22}}]},"4":{"type":"branch","line":16,"loc":{"start":{"line":16,"column":7},"end":{"line":16,"column":22}},"locations":[{"start":{"line":16,"column":7},"end":{"line":16,"column":22}}]},"5":{"type":"branch","line":16,"loc":{"start":{"line":16,"column":7},"end":{"line":59,"column":8}},"locations":[{"start":{"line":16,"column":7},"end":{"line":59,"column":8}}]},"6":{"type":"branch","line":16,"loc":{"start":{"line":16,"column":7},"end":{"line":16,"column":22}},"locations":[{"start":{"line":16,"column":7},"end":{"line":16,"column":22}}]},"7":{"type":"branch","line":16,"loc":{"start":{"line":16,"column":7},"end":{"line":16,"column":22}},"locations":[{"start":{"line":16,"column":7},"end":{"line":16,"column":22}}]},"8":{"type":"branch","line":59,"loc":{"start":{"line":59,"column":2},"end":{"line":59,"column":8}},"locations":[{"start":{"line":59,"column":2},"end":{"line":59,"column":8}}]}},"b":{"0":[1],"1":[4],"2":[1],"3":[1],"4":[1],"5":[1],"6":[1],"7":[1],"8":[1]},"fnMap":{"0":{"name":"_callee2","decl":{"start":{"line":16,"column":7},"end":{"line":16,"column":22}},"loc":{"start":{"line":16,"column":7},"end":{"line":16,"column":22}},"line":16},"1":{"name":"_callee2$","decl":{"start":{"line":16,"column":7},"end":{"line":16,"column":22}},"loc":{"start":{"line":16,"column":7},"end":{"line":16,"column":22}},"line":16},"2":{"name":"_callee","decl":{"start":{"line":59,"column":36},"end":{"line":59,"column":43}},"loc":{"start":{"line":59,"column":36},"end":{"line":59,"column":43}},"line":59}},"f":{"0":1,"1":4,"2":0}}
,"E:\\OtusProj\\Weather\\src\\weather_list\\drawCityList.ts": {"path":"E:\\OtusProj\\Weather\\src\\weather_list\\drawCityList.ts","all":false,"statementMap":{"0":{"start":{"line":1,"column":0},"end":{"line":1,"column":56}},"1":{"start":{"line":2,"column":0},"end":{"line":2,"column":78}},"2":{"start":{"line":3,"column":0},"end":{"line":3,"column":26}},"3":{"start":{"line":4,"column":0},"end":{"line":4,"column":16}},"4":{"start":{"line":5,"column":0},"end":{"line":5,"column":3}},"5":{"start":{"line":6,"column":0},"end":{"line":6,"column":23}},"6":{"start":{"line":7,"column":0},"end":{"line":7,"column":36}},"7":{"start":{"line":8,"column":0},"end":{"line":8,"column":27}},"8":{"start":{"line":9,"column":0},"end":{"line":9,"column":13}},"9":{"start":{"line":10,"column":0},"end":{"line":10,"column":81}},"10":{"start":{"line":11,"column":0},"end":{"line":11,"column":3}},"11":{"start":{"line":12,"column":0},"end":{"line":12,"column":14}},"12":{"start":{"line":13,"column":0},"end":{"line":13,"column":34}},"13":{"start":{"line":14,"column":0},"end":{"line":14,"column":37}},"14":{"start":{"line":15,"column":0},"end":{"line":15,"column":22}},"15":{"start":{"line":16,"column":0},"end":{"line":16,"column":38}},"16":{"start":{"line":17,"column":0},"end":{"line":17,"column":4}},"17":{"start":{"line":18,"column":0},"end":{"line":18,"column":32}},"18":{"start":{"line":19,"column":0},"end":{"line":19,"column":23}},"19":{"start":{"line":20,"column":0},"end":{"line":20,"column":15}},"20":{"start":{"line":21,"column":0},"end":{"line":21,"column":1}}},"s":{"0":1,"1":1,"2":17,"3":1,"4":1,"5":17,"6":17,"7":17,"8":17,"9":17,"10":17,"11":17,"12":17,"13":17,"14":17,"15":17,"16":17,"17":17,"18":17,"19":17,"20":17},"branchMap":{"0":{"type":"branch","line":2,"loc":{"start":{"line":2,"column":7},"end":{"line":21,"column":1}},"locations":[{"start":{"line":2,"column":7},"end":{"line":21,"column":1}}]},"1":{"type":"branch","line":3,"loc":{"start":{"line":3,"column":25},"end":{"line":5,"column":3}},"locations":[{"start":{"line":3,"column":25},"end":{"line":5,"column":3}}]},"2":{"type":"branch","line":9,"loc":{"start":{"line":9,"column":4},"end":{"line":9,"column":5}},"locations":[{"start":{"line":9,"column":4},"end":{"line":9,"column":5}}]}},"b":{"0":[17],"1":[1],"2":[52]},"fnMap":{"0":{"name":"drawCityList","decl":{"start":{"line":2,"column":7},"end":{"line":21,"column":1}},"loc":{"start":{"line":2,"column":7},"end":{"line":21,"column":1}},"line":2}},"f":{"0":17}}
,"E:\\OtusProj\\Weather\\src\\weather_list\\drawInfoWindowRiht.ts": {"path":"E:\\OtusProj\\Weather\\src\\weather_list\\drawInfoWindowRiht.ts","all":false,"statementMap":{"0":{"start":{"line":1,"column":0},"end":{"line":1,"column":56}},"1":{"start":{"line":2,"column":0},"end":{"line":2,"column":34}},"2":{"start":{"line":3,"column":0},"end":{"line":3,"column":0}},"3":{"start":{"line":4,"column":0},"end":{"line":4,"column":75}},"4":{"start":{"line":5,"column":0},"end":{"line":5,"column":44}},"5":{"start":{"line":6,"column":0},"end":{"line":6,"column":14}},"6":{"start":{"line":7,"column":0},"end":{"line":7,"column":106}},"7":{"start":{"line":8,"column":0},"end":{"line":8,"column":121}},"8":{"start":{"line":9,"column":0},"end":{"line":9,"column":3}},"9":{"start":{"line":10,"column":0},"end":{"line":10,"column":38}},"10":{"start":{"line":11,"column":0},"end":{"line":11,"column":1}}},"s":{"0":1,"1":1,"2":1,"3":1,"4":2,"5":2,"6":1,"7":1,"8":1,"9":1,"10":1},"branchMap":{"0":{"type":"branch","line":4,"loc":{"start":{"line":4,"column":7},"end":{"line":11,"column":1}},"locations":[{"start":{"line":4,"column":7},"end":{"line":11,"column":1}}]},"1":{"type":"branch","line":6,"loc":{"start":{"line":6,"column":13},"end":{"line":11,"column":1}},"locations":[{"start":{"line":6,"column":13},"end":{"line":11,"column":1}}]}},"b":{"0":[2],"1":[1]},"fnMap":{"0":{"name":"drawInfoWindowRiht","decl":{"start":{"line":4,"column":7},"end":{"line":11,"column":1}},"loc":{"start":{"line":4,"column":7},"end":{"line":11,"column":1}},"line":4}},"f":{"0":2}}
,"E:\\OtusProj\\Weather\\src\\weather_list\\getWeather.ts": {"path":"E:\\OtusProj\\Weather\\src\\weather_list\\getWeather.ts","all":false,"statementMap":{"0":{"start":{"line":1,"column":0},"end":{"line":1,"column":62}},"1":{"start":{"line":2,"column":0},"end":{"line":2,"column":0}},"2":{"start":{"line":3,"column":0},"end":{"line":3,"column":51}},"3":{"start":{"line":4,"column":0},"end":{"line":4,"column":56}},"4":{"start":{"line":5,"column":0},"end":{"line":5,"column":0}},"5":{"start":{"line":6,"column":0},"end":{"line":6,"column":66}},"6":{"start":{"line":7,"column":0},"end":{"line":7,"column":37}},"7":{"start":{"line":8,"column":0},"end":{"line":8,"column":97}},"8":{"start":{"line":9,"column":0},"end":{"line":9,"column":4}},"9":{"start":{"line":10,"column":0},"end":{"line":10,"column":19}},"10":{"start":{"line":11,"column":0},"end":{"line":11,"column":38}},"11":{"start":{"line":12,"column":0},"end":{"line":12,"column":42}},"12":{"start":{"line":13,"column":0},"end":{"line":13,"column":16}},"13":{"start":{"line":14,"column":0},"end":{"line":14,"column":3}},"14":{"start":{"line":15,"column":0},"end":{"line":15,"column":18}},"15":{"start":{"line":16,"column":0},"end":{"line":16,"column":1}}},"s":{"0":1,"1":1,"2":1,"3":1,"4":1,"5":1,"6":1,"7":1,"8":1,"9":1,"10":1,"11":1,"12":1,"13":1,"14":1,"15":1},"branchMap":{"0":{"type":"branch","line":6,"loc":{"start":{"line":6,"column":7},"end":{"line":6,"column":22}},"locations":[{"start":{"line":6,"column":7},"end":{"line":6,"column":22}}]},"1":{"type":"branch","line":6,"loc":{"start":{"line":6,"column":7},"end":{"line":6,"column":22}},"locations":[{"start":{"line":6,"column":7},"end":{"line":6,"column":22}}]},"2":{"type":"branch","line":6,"loc":{"start":{"line":6,"column":7},"end":{"line":6,"column":22}},"locations":[{"start":{"line":6,"column":7},"end":{"line":6,"column":22}}]},"3":{"type":"branch","line":6,"loc":{"start":{"line":6,"column":7},"end":{"line":6,"column":22}},"locations":[{"start":{"line":6,"column":7},"end":{"line":6,"column":22}}]},"4":{"type":"branch","line":6,"loc":{"start":{"line":6,"column":7},"end":{"line":6,"column":22}},"locations":[{"start":{"line":6,"column":7},"end":{"line":6,"column":22}}]},"5":{"type":"branch","line":6,"loc":{"start":{"line":6,"column":7},"end":{"line":6,"column":22}},"locations":[{"start":{"line":6,"column":7},"end":{"line":6,"column":22}}]},"6":{"type":"branch","line":6,"loc":{"start":{"line":6,"column":7},"end":{"line":6,"column":22}},"locations":[{"start":{"line":6,"column":7},"end":{"line":6,"column":22}}]},"7":{"type":"branch","line":6,"loc":{"start":{"line":6,"column":7},"end":{"line":6,"column":22}},"locations":[{"start":{"line":6,"column":7},"end":{"line":6,"column":22}}]},"8":{"type":"branch","line":6,"loc":{"start":{"line":6,"column":7},"end":{"line":6,"column":22}},"locations":[{"start":{"line":6,"column":7},"end":{"line":6,"column":22}}]},"9":{"type":"branch","line":6,"loc":{"start":{"line":6,"column":7},"end":{"line":6,"column":22}},"locations":[{"start":{"line":6,"column":7},"end":{"line":6,"column":22}}]}},"b":{"0":[2],"1":[7],"2":[8],"3":[2],"4":[2],"5":[1],"6":[1],"7":[1],"8":[0],"9":[2]},"fnMap":{"0":{"name":"_callee","decl":{"start":{"line":6,"column":7},"end":{"line":6,"column":22}},"loc":{"start":{"line":6,"column":7},"end":{"line":6,"column":22}},"line":6},"1":{"name":"_callee$","decl":{"start":{"line":6,"column":7},"end":{"line":6,"column":22}},"loc":{"start":{"line":6,"column":7},"end":{"line":6,"column":22}},"line":6}},"f":{"0":2,"1":7}}
,"E:\\OtusProj\\Weather\\src\\weather_list\\localStorage_read_save.ts": {"path":"E:\\OtusProj\\Weather\\src\\weather_list\\localStorage_read_save.ts","all":false,"statementMap":{"0":{"start":{"line":1,"column":0},"end":{"line":1,"column":34}},"1":{"start":{"line":2,"column":0},"end":{"line":2,"column":53}},"2":{"start":{"line":3,"column":0},"end":{"line":3,"column":47}},"3":{"start":{"line":4,"column":0},"end":{"line":4,"column":1}},"4":{"start":{"line":5,"column":0},"end":{"line":5,"column":39}},"5":{"start":{"line":6,"column":0},"end":{"line":6,"column":52}},"6":{"start":{"line":7,"column":0},"end":{"line":7,"column":47}},"7":{"start":{"line":8,"column":0},"end":{"line":8,"column":1}},"8":{"start":{"line":9,"column":0},"end":{"line":9,"column":43}},"9":{"start":{"line":10,"column":0},"end":{"line":10,"column":43}},"10":{"start":{"line":11,"column":0},"end":{"line":11,"column":52}},"11":{"start":{"line":12,"column":0},"end":{"line":12,"column":1}},"12":{"start":{"line":13,"column":0},"end":{"line":13,"column":53}},"13":{"start":{"line":14,"column":0},"end":{"line":14,"column":48}},"14":{"start":{"line":15,"column":0},"end":{"line":15,"column":51}},"15":{"start":{"line":16,"column":0},"end":{"line":16,"column":1}}},"s":{"0":1,"1":1,"2":1,"3":1,"4":1,"5":1,"6":1,"7":1,"8":1,"9":5,"10":5,"11":5,"12":1,"13":1,"14":1,"15":1},"branchMap":{"0":{"type":"branch","line":1,"loc":{"start":{"line":1,"column":7},"end":{"line":1,"column":22}},"locations":[{"start":{"line":1,"column":7},"end":{"line":1,"column":22}}]},"1":{"type":"branch","line":1,"loc":{"start":{"line":1,"column":7},"end":{"line":1,"column":22}},"locations":[{"start":{"line":1,"column":7},"end":{"line":1,"column":22}}]},"2":{"type":"branch","line":1,"loc":{"start":{"line":1,"column":7},"end":{"line":1,"column":22}},"locations":[{"start":{"line":1,"column":7},"end":{"line":1,"column":22}}]},"3":{"type":"branch","line":3,"loc":{"start":{"line":3,"column":9},"end":{"line":3,"column":30}},"locations":[{"start":{"line":3,"column":9},"end":{"line":3,"column":30}}]},"4":{"type":"branch","line":1,"loc":{"start":{"line":1,"column":7},"end":{"line":1,"column":22}},"locations":[{"start":{"line":1,"column":7},"end":{"line":1,"column":22}}]},"5":{"type":"branch","line":1,"loc":{"start":{"line":1,"column":7},"end":{"line":1,"column":22}},"locations":[{"start":{"line":1,"column":7},"end":{"line":1,"column":22}}]},"6":{"type":"branch","line":5,"loc":{"start":{"line":5,"column":7},"end":{"line":5,"column":22}},"locations":[{"start":{"line":5,"column":7},"end":{"line":5,"column":22}}]},"7":{"type":"branch","line":5,"loc":{"start":{"line":5,"column":7},"end":{"line":5,"column":22}},"locations":[{"start":{"line":5,"column":7},"end":{"line":5,"column":22}}]},"8":{"type":"branch","line":5,"loc":{"start":{"line":5,"column":7},"end":{"line":5,"column":22}},"locations":[{"start":{"line":5,"column":7},"end":{"line":5,"column":22}}]},"9":{"type":"branch","line":7,"loc":{"start":{"line":7,"column":9},"end":{"line":7,"column":30}},"locations":[{"start":{"line":7,"column":9},"end":{"line":7,"column":30}}]},"10":{"type":"branch","line":5,"loc":{"start":{"line":5,"column":7},"end":{"line":5,"column":22}},"locations":[{"start":{"line":5,"column":7},"end":{"line":5,"column":22}}]},"11":{"type":"branch","line":5,"loc":{"start":{"line":5,"column":7},"end":{"line":5,"column":22}},"locations":[{"start":{"line":5,"column":7},"end":{"line":5,"column":22}}]},"12":{"type":"branch","line":9,"loc":{"start":{"line":9,"column":7},"end":{"line":12,"column":1}},"locations":[{"start":{"line":9,"column":7},"end":{"line":12,"column":1}}]},"13":{"type":"branch","line":13,"loc":{"start":{"line":13,"column":7},"end":{"line":16,"column":1}},"locations":[{"start":{"line":13,"column":7},"end":{"line":16,"column":1}}]}},"b":{"0":[5],"1":[10],"2":[5],"3":[0],"4":[0],"5":[5],"6":[1],"7":[2],"8":[1],"9":[0],"10":[0],"11":[1],"12":[5],"13":[1]},"fnMap":{"0":{"name":"_callee","decl":{"start":{"line":1,"column":7},"end":{"line":1,"column":22}},"loc":{"start":{"line":1,"column":7},"end":{"line":1,"column":22}},"line":1},"1":{"name":"_callee$","decl":{"start":{"line":1,"column":7},"end":{"line":1,"column":22}},"loc":{"start":{"line":1,"column":7},"end":{"line":1,"column":22}},"line":1},"2":{"name":"_callee2","decl":{"start":{"line":5,"column":7},"end":{"line":5,"column":22}},"loc":{"start":{"line":5,"column":7},"end":{"line":5,"column":22}},"line":5},"3":{"name":"_callee2$","decl":{"start":{"line":5,"column":7},"end":{"line":5,"column":22}},"loc":{"start":{"line":5,"column":7},"end":{"line":5,"column":22}},"line":5},"4":{"name":"saveList","decl":{"start":{"line":9,"column":7},"end":{"line":12,"column":1}},"loc":{"start":{"line":9,"column":7},"end":{"line":12,"column":1}},"line":9},"5":{"name":"saveCoordList","decl":{"start":{"line":13,"column":7},"end":{"line":16,"column":1}},"loc":{"start":{"line":13,"column":7},"end":{"line":16,"column":1}},"line":13}},"f":{"0":5,"1":10,"2":1,"3":2,"4":5,"5":1}}
,"E:\\OtusProj\\Weather\\src\\weather_list\\template.ts": {"path":"E:\\OtusProj\\Weather\\src\\weather_list\\template.ts","all":false,"statementMap":{"0":{"start":{"line":1,"column":0},"end":{"line":1,"column":46}},"1":{"start":{"line":2,"column":0},"end":{"line":2,"column":8}},"2":{"start":{"line":3,"column":0},"end":{"line":3,"column":12}},"3":{"start":{"line":4,"column":0},"end":{"line":4,"column":34}},"4":{"start":{"line":5,"column":0},"end":{"line":5,"column":46}},"5":{"start":{"line":6,"column":0},"end":{"line":6,"column":0}},"6":{"start":{"line":7,"column":0},"end":{"line":7,"column":0}},"7":{"start":{"line":8,"column":0},"end":{"line":8,"column":0}},"8":{"start":{"line":9,"column":0},"end":{"line":9,"column":47}},"9":{"start":{"line":10,"column":0},"end":{"line":10,"column":0}},"10":{"start":{"line":11,"column":0},"end":{"line":11,"column":26}},"11":{"start":{"line":12,"column":0},"end":{"line":12,"column":0}},"12":{"start":{"line":13,"column":0},"end":{"line":13,"column":17}},"13":{"start":{"line":14,"column":0},"end":{"line":14,"column":0}},"14":{"start":{"line":15,"column":0},"end":{"line":15,"column":62}},"15":{"start":{"line":16,"column":0},"end":{"line":16,"column":21}},"16":{"start":{"line":17,"column":0},"end":{"line":17,"column":40}},"17":{"start":{"line":18,"column":0},"end":{"line":18,"column":23}},"18":{"start":{"line":19,"column":0},"end":{"line":19,"column":5}},"19":{"start":{"line":20,"column":0},"end":{"line":20,"column":0}},"20":{"start":{"line":21,"column":0},"end":{"line":21,"column":34}},"21":{"start":{"line":22,"column":0},"end":{"line":22,"column":30}},"22":{"start":{"line":23,"column":0},"end":{"line":23,"column":5}},"23":{"start":{"line":24,"column":0},"end":{"line":24,"column":0}},"24":{"start":{"line":25,"column":0},"end":{"line":25,"column":31}},"25":{"start":{"line":26,"column":0},"end":{"line":26,"column":32}},"26":{"start":{"line":27,"column":0},"end":{"line":27,"column":43}},"27":{"start":{"line":28,"column":0},"end":{"line":28,"column":36}},"28":{"start":{"line":29,"column":0},"end":{"line":29,"column":26}},"29":{"start":{"line":30,"column":0},"end":{"line":30,"column":15}},"30":{"start":{"line":31,"column":0},"end":{"line":31,"column":33}},"31":{"start":{"line":32,"column":0},"end":{"line":32,"column":5}},"32":{"start":{"line":33,"column":0},"end":{"line":33,"column":0}},"33":{"start":{"line":34,"column":0},"end":{"line":34,"column":14}},"34":{"start":{"line":35,"column":0},"end":{"line":35,"column":56}},"35":{"start":{"line":36,"column":0},"end":{"line":36,"column":6}},"36":{"start":{"line":37,"column":0},"end":{"line":37,"column":0}},"37":{"start":{"line":38,"column":0},"end":{"line":38,"column":21}},"38":{"start":{"line":39,"column":0},"end":{"line":39,"column":63}},"39":{"start":{"line":40,"column":0},"end":{"line":40,"column":50}},"40":{"start":{"line":41,"column":0},"end":{"line":41,"column":25}},"41":{"start":{"line":42,"column":0},"end":{"line":42,"column":96}},"42":{"start":{"line":43,"column":0},"end":{"line":43,"column":13}},"43":{"start":{"line":44,"column":0},"end":{"line":44,"column":11}},"44":{"start":{"line":45,"column":0},"end":{"line":45,"column":5}},"45":{"start":{"line":46,"column":0},"end":{"line":46,"column":0}},"46":{"start":{"line":47,"column":0},"end":{"line":47,"column":21}},"47":{"start":{"line":48,"column":0},"end":{"line":48,"column":22}},"48":{"start":{"line":49,"column":0},"end":{"line":49,"column":29}},"49":{"start":{"line":50,"column":0},"end":{"line":50,"column":33}},"50":{"start":{"line":51,"column":0},"end":{"line":51,"column":5}},"51":{"start":{"line":52,"column":0},"end":{"line":52,"column":0}},"52":{"start":{"line":53,"column":0},"end":{"line":53,"column":14}},"53":{"start":{"line":54,"column":0},"end":{"line":54,"column":46}},"54":{"start":{"line":55,"column":0},"end":{"line":55,"column":62}},"55":{"start":{"line":56,"column":0},"end":{"line":56,"column":5}},"56":{"start":{"line":57,"column":0},"end":{"line":57,"column":1}}},"s":{"0":1,"1":1,"2":1,"3":1,"4":1,"5":1,"6":1,"7":1,"8":1,"9":1,"10":1,"11":1,"12":1,"13":1,"14":1,"15":9,"16":9,"17":9,"18":9,"19":1,"20":1,"21":3,"22":3,"23":1,"24":1,"25":1,"26":3,"27":3,"28":1,"29":1,"30":1,"31":1,"32":1,"33":1,"34":1,"35":1,"36":1,"37":1,"38":9,"39":9,"40":9,"41":9,"42":9,"43":9,"44":9,"45":1,"46":1,"47":1,"48":1,"49":1,"50":1,"51":1,"52":1,"53":12,"54":12,"55":12,"56":1},"branchMap":{"0":{"type":"branch","line":15,"loc":{"start":{"line":15,"column":4},"end":{"line":19,"column":5}},"locations":[{"start":{"line":15,"column":4},"end":{"line":19,"column":5}}]},"1":{"type":"branch","line":17,"loc":{"start":{"line":17,"column":33},"end":{"line":17,"column":40}},"locations":[{"start":{"line":17,"column":33},"end":{"line":17,"column":40}}]},"2":{"type":"branch","line":21,"loc":{"start":{"line":21,"column":4},"end":{"line":23,"column":5}},"locations":[{"start":{"line":21,"column":4},"end":{"line":23,"column":5}}]},"3":{"type":"branch","line":25,"loc":{"start":{"line":25,"column":4},"end":{"line":25,"column":31}},"locations":[{"start":{"line":25,"column":4},"end":{"line":25,"column":31}}]},"4":{"type":"branch","line":25,"loc":{"start":{"line":25,"column":4},"end":{"line":25,"column":31}},"locations":[{"start":{"line":25,"column":4},"end":{"line":25,"column":31}}]},"5":{"type":"branch","line":25,"loc":{"start":{"line":25,"column":4},"end":{"line":25,"column":31}},"locations":[{"start":{"line":25,"column":4},"end":{"line":25,"column":31}}]},"6":{"type":"branch","line":25,"loc":{"start":{"line":25,"column":4},"end":{"line":25,"column":31}},"locations":[{"start":{"line":25,"column":4},"end":{"line":25,"column":31}}]},"7":{"type":"branch","line":25,"loc":{"start":{"line":25,"column":4},"end":{"line":25,"column":31}},"locations":[{"start":{"line":25,"column":4},"end":{"line":25,"column":31}}]},"8":{"type":"branch","line":26,"loc":{"start":{"line":26,"column":19},"end":{"line":26,"column":32}},"locations":[{"start":{"line":26,"column":19},"end":{"line":26,"column":32}}]},"9":{"type":"branch","line":26,"loc":{"start":{"line":26,"column":19},"end":{"line":26,"column":32}},"locations":[{"start":{"line":26,"column":19},"end":{"line":26,"column":32}}]},"10":{"type":"branch","line":26,"loc":{"start":{"line":26,"column":19},"end":{"line":26,"column":32}},"locations":[{"start":{"line":26,"column":19},"end":{"line":26,"column":32}}]},"11":{"type":"branch","line":26,"loc":{"start":{"line":26,"column":19},"end":{"line":29,"column":16}},"locations":[{"start":{"line":26,"column":19},"end":{"line":29,"column":16}}]},"12":{"type":"branch","line":26,"loc":{"start":{"line":26,"column":19},"end":{"line":26,"column":32}},"locations":[{"start":{"line":26,"column":19},"end":{"line":26,"column":32}}]},"13":{"type":"branch","line":26,"loc":{"start":{"line":26,"column":19},"end":{"line":26,"column":32}},"locations":[{"start":{"line":26,"column":19},"end":{"line":26,"column":32}}]},"14":{"type":"branch","line":38,"loc":{"start":{"line":38,"column":4},"end":{"line":45,"column":5}},"locations":[{"start":{"line":38,"column":4},"end":{"line":45,"column":5}}]},"15":{"type":"branch","line":39,"loc":{"start":{"line":39,"column":44},"end":{"line":44,"column":11}},"locations":[{"start":{"line":39,"column":44},"end":{"line":44,"column":11}}]},"16":{"type":"branch","line":42,"loc":{"start":{"line":42,"column":16},"end":{"line":42,"column":24}},"locations":[{"start":{"line":42,"column":16},"end":{"line":42,"column":24}}]},"17":{"type":"branch","line":47,"loc":{"start":{"line":47,"column":4},"end":{"line":47,"column":21}},"locations":[{"start":{"line":47,"column":4},"end":{"line":47,"column":21}}]},"18":{"type":"branch","line":47,"loc":{"start":{"line":47,"column":4},"end":{"line":47,"column":21}},"locations":[{"start":{"line":47,"column":4},"end":{"line":47,"column":21}}]},"19":{"type":"branch","line":47,"loc":{"start":{"line":47,"column":4},"end":{"line":47,"column":21}},"locations":[{"start":{"line":47,"column":4},"end":{"line":47,"column":21}}]},"20":{"type":"branch","line":47,"loc":{"start":{"line":47,"column":4},"end":{"line":47,"column":21}},"locations":[{"start":{"line":47,"column":4},"end":{"line":47,"column":21}}]},"21":{"type":"branch","line":47,"loc":{"start":{"line":47,"column":4},"end":{"line":47,"column":21}},"locations":[{"start":{"line":47,"column":4},"end":{"line":47,"column":21}}]},"22":{"type":"branch","line":53,"loc":{"start":{"line":53,"column":4},"end":{"line":56,"column":5}},"locations":[{"start":{"line":53,"column":4},"end":{"line":56,"column":5}}]}},"b":{"0":[9],"1":[5],"2":[3],"3":[3],"4":[6],"5":[3],"6":[0],"7":[3],"8":[3],"9":[6],"10":[3],"11":[3],"12":[3],"13":[3],"14":[9],"15":[9],"16":[0],"17":[10],"18":[20],"19":[10],"20":[0],"21":[10],"22":[12]},"fnMap":{"0":{"name":"Template","decl":{"start":{"line":15,"column":4},"end":{"line":19,"column":5}},"loc":{"start":{"line":15,"column":4},"end":{"line":19,"column":5}},"line":15},"1":{"name":"updateState","decl":{"start":{"line":21,"column":4},"end":{"line":23,"column":5}},"loc":{"start":{"line":21,"column":4},"end":{"line":23,"column":5}},"line":21},"2":{"name":"_callee2","decl":{"start":{"line":25,"column":4},"end":{"line":25,"column":31}},"loc":{"start":{"line":25,"column":4},"end":{"line":25,"column":31}},"line":25},"3":{"name":"_callee2$","decl":{"start":{"line":25,"column":4},"end":{"line":25,"column":31}},"loc":{"start":{"line":25,"column":4},"end":{"line":25,"column":31}},"line":25},"4":{"name":"_callee","decl":{"start":{"line":26,"column":19},"end":{"line":26,"column":32}},"loc":{"start":{"line":26,"column":19},"end":{"line":26,"column":32}},"line":26},"5":{"name":"_callee$","decl":{"start":{"line":26,"column":19},"end":{"line":26,"column":32}},"loc":{"start":{"line":26,"column":19},"end":{"line":26,"column":32}},"line":26},"6":{"name":"eventFunction","decl":{"start":{"line":38,"column":4},"end":{"line":45,"column":5}},"loc":{"start":{"line":38,"column":4},"end":{"line":45,"column":5}},"line":38},"7":{"name":"_callee3","decl":{"start":{"line":47,"column":4},"end":{"line":47,"column":21}},"loc":{"start":{"line":47,"column":4},"end":{"line":47,"column":21}},"line":47},"8":{"name":"_callee3$","decl":{"start":{"line":47,"column":4},"end":{"line":47,"column":21}},"loc":{"start":{"line":47,"column":4},"end":{"line":47,"column":21}},"line":47},"9":{"name":"render","decl":{"start":{"line":53,"column":4},"end":{"line":56,"column":5}},"loc":{"start":{"line":53,"column":4},"end":{"line":56,"column":5}},"line":53}},"f":{"0":9,"1":3,"2":3,"3":6,"4":3,"5":6,"6":9,"7":10,"8":20,"9":12}}
,"E:\\OtusProj\\Weather\\src\\weather_list\\WeatherAfterClickOnList\\showWeatherAfterClickOnList.ts": {"path":"E:\\OtusProj\\Weather\\src\\weather_list\\WeatherAfterClickOnList\\showWeatherAfterClickOnList.ts","all":false,"statementMap":{"0":{"start":{"line":1,"column":0},"end":{"line":1,"column":45}},"1":{"start":{"line":2,"column":0},"end":{"line":2,"column":0}},"2":{"start":{"line":3,"column":0},"end":{"line":3,"column":51}},"3":{"start":{"line":4,"column":0},"end":{"line":4,"column":0}},"4":{"start":{"line":5,"column":0},"end":{"line":5,"column":56}},"5":{"start":{"line":6,"column":0},"end":{"line":6,"column":101}},"6":{"start":{"line":7,"column":0},"end":{"line":7,"column":7}},"7":{"start":{"line":8,"column":0},"end":{"line":8,"column":22}},"8":{"start":{"line":9,"column":0},"end":{"line":9,"column":39}},"9":{"start":{"line":10,"column":0},"end":{"line":10,"column":95}},"10":{"start":{"line":11,"column":0},"end":{"line":11,"column":6}},"11":{"start":{"line":12,"column":0},"end":{"line":12,"column":0}},"12":{"start":{"line":13,"column":0},"end":{"line":13,"column":40}},"13":{"start":{"line":14,"column":0},"end":{"line":14,"column":130}},"14":{"start":{"line":15,"column":0},"end":{"line":15,"column":110}},"15":{"start":{"line":16,"column":0},"end":{"line":16,"column":15}},"16":{"start":{"line":17,"column":0},"end":{"line":17,"column":93}},"17":{"start":{"line":18,"column":0},"end":{"line":18,"column":3}},"18":{"start":{"line":19,"column":0},"end":{"line":19,"column":1}}},"s":{"0":1,"1":1,"2":1,"3":1,"4":1,"5":1,"6":1,"7":1,"8":1,"9":1,"10":1,"11":1,"12":1,"13":1,"14":1,"15":1,"16":1,"17":1,"18":1},"branchMap":{"0":{"type":"branch","line":6,"loc":{"start":{"line":6,"column":7},"end":{"line":6,"column":22}},"locations":[{"start":{"line":6,"column":7},"end":{"line":6,"column":22}}]},"1":{"type":"branch","line":6,"loc":{"start":{"line":6,"column":7},"end":{"line":6,"column":22}},"locations":[{"start":{"line":6,"column":7},"end":{"line":6,"column":22}}]},"2":{"type":"branch","line":6,"loc":{"start":{"line":6,"column":7},"end":{"line":6,"column":22}},"locations":[{"start":{"line":6,"column":7},"end":{"line":6,"column":22}}]},"3":{"type":"branch","line":6,"loc":{"start":{"line":6,"column":7},"end":{"line":6,"column":22}},"locations":[{"start":{"line":6,"column":7},"end":{"line":6,"column":22}}]},"4":{"type":"branch","line":6,"loc":{"start":{"line":6,"column":7},"end":{"line":6,"column":22}},"locations":[{"start":{"line":6,"column":7},"end":{"line":6,"column":22}}]},"5":{"type":"branch","line":6,"loc":{"start":{"line":6,"column":7},"end":{"line":6,"column":22}},"locations":[{"start":{"line":6,"column":7},"end":{"line":6,"column":22}}]},"6":{"type":"branch","line":6,"loc":{"start":{"line":6,"column":7},"end":{"line":17,"column":25}},"locations":[{"start":{"line":6,"column":7},"end":{"line":17,"column":25}}]},"7":{"type":"branch","line":6,"loc":{"start":{"line":6,"column":7},"end":{"line":6,"column":22}},"locations":[{"start":{"line":6,"column":7},"end":{"line":6,"column":22}}]},"8":{"type":"branch","line":6,"loc":{"start":{"line":6,"column":7},"end":{"line":6,"column":22}},"locations":[{"start":{"line":6,"column":7},"end":{"line":6,"column":22}}]}},"b":{"0":[2],"1":[5],"2":[6],"3":[2],"4":[1],"5":[1],"6":[1],"7":[2],"8":[2]},"fnMap":{"0":{"name":"_callee","decl":{"start":{"line":6,"column":7},"end":{"line":6,"column":22}},"loc":{"start":{"line":6,"column":7},"end":{"line":6,"column":22}},"line":6},"1":{"name":"_callee$","decl":{"start":{"line":6,"column":7},"end":{"line":6,"column":22}},"loc":{"start":{"line":6,"column":7},"end":{"line":6,"column":22}},"line":6}},"f":{"0":2,"1":5}}
,"E:\\OtusProj\\Weather\\src\\wetherCurCityTempWindow\\weatherInfoWindow.ts": {"path":"E:\\OtusProj\\Weather\\src\\wetherCurCityTempWindow\\weatherInfoWindow.ts","all":false,"statementMap":{"0":{"start":{"line":1,"column":0},"end":{"line":1,"column":49}},"1":{"start":{"line":2,"column":0},"end":{"line":2,"column":47}},"2":{"start":{"line":3,"column":0},"end":{"line":3,"column":0}},"3":{"start":{"line":4,"column":0},"end":{"line":4,"column":51}},"4":{"start":{"line":5,"column":0},"end":{"line":5,"column":42}},"5":{"start":{"line":6,"column":0},"end":{"line":6,"column":24}},"6":{"start":{"line":7,"column":0},"end":{"line":7,"column":25}},"7":{"start":{"line":8,"column":0},"end":{"line":8,"column":0}},"8":{"start":{"line":9,"column":0},"end":{"line":9,"column":37}},"9":{"start":{"line":10,"column":0},"end":{"line":10,"column":27}},"10":{"start":{"line":11,"column":0},"end":{"line":11,"column":12}},"11":{"start":{"line":12,"column":0},"end":{"line":12,"column":53}},"12":{"start":{"line":13,"column":0},"end":{"line":13,"column":29}},"13":{"start":{"line":14,"column":0},"end":{"line":14,"column":52}},"14":{"start":{"line":15,"column":0},"end":{"line":15,"column":7}},"15":{"start":{"line":16,"column":0},"end":{"line":16,"column":21}},"16":{"start":{"line":17,"column":0},"end":{"line":17,"column":42}},"17":{"start":{"line":18,"column":0},"end":{"line":18,"column":45}},"18":{"start":{"line":19,"column":0},"end":{"line":19,"column":8}},"19":{"start":{"line":20,"column":0},"end":{"line":20,"column":40}},"20":{"start":{"line":21,"column":0},"end":{"line":21,"column":5}},"21":{"start":{"line":22,"column":0},"end":{"line":22,"column":21}},"22":{"start":{"line":23,"column":0},"end":{"line":23,"column":15}},"23":{"start":{"line":24,"column":0},"end":{"line":24,"column":36}},"24":{"start":{"line":25,"column":0},"end":{"line":25,"column":3}},"25":{"start":{"line":26,"column":0},"end":{"line":26,"column":1}},"26":{"start":{"line":27,"column":0},"end":{"line":27,"column":0}},"27":{"start":{"line":28,"column":0},"end":{"line":28,"column":43}},"28":{"start":{"line":29,"column":0},"end":{"line":29,"column":45}},"29":{"start":{"line":30,"column":0},"end":{"line":30,"column":7}},"30":{"start":{"line":31,"column":0},"end":{"line":31,"column":47}},"31":{"start":{"line":32,"column":0},"end":{"line":32,"column":48}},"32":{"start":{"line":33,"column":0},"end":{"line":33,"column":5}},"33":{"start":{"line":34,"column":0},"end":{"line":34,"column":40}},"34":{"start":{"line":35,"column":0},"end":{"line":35,"column":103}},"35":{"start":{"line":36,"column":0},"end":{"line":36,"column":6}},"36":{"start":{"line":37,"column":0},"end":{"line":37,"column":41}},"37":{"start":{"line":38,"column":0},"end":{"line":38,"column":24}},"38":{"start":{"line":39,"column":0},"end":{"line":39,"column":15}},"39":{"start":{"line":40,"column":0},"end":{"line":40,"column":26}},"40":{"start":{"line":41,"column":0},"end":{"line":41,"column":3}},"41":{"start":{"line":42,"column":0},"end":{"line":42,"column":1}},"42":{"start":{"line":43,"column":0},"end":{"line":43,"column":0}},"43":{"start":{"line":44,"column":0},"end":{"line":44,"column":62}},"44":{"start":{"line":45,"column":0},"end":{"line":45,"column":53}},"45":{"start":{"line":46,"column":0},"end":{"line":46,"column":37}},"46":{"start":{"line":47,"column":0},"end":{"line":47,"column":149}},"47":{"start":{"line":48,"column":0},"end":{"line":48,"column":22}},"48":{"start":{"line":49,"column":0},"end":{"line":49,"column":48}},"49":{"start":{"line":50,"column":0},"end":{"line":50,"column":13}},"50":{"start":{"line":51,"column":0},"end":{"line":51,"column":34}},"51":{"start":{"line":52,"column":0},"end":{"line":52,"column":300}},"52":{"start":{"line":53,"column":0},"end":{"line":53,"column":22}},"53":{"start":{"line":54,"column":0},"end":{"line":54,"column":48}},"54":{"start":{"line":55,"column":0},"end":{"line":55,"column":13}},"55":{"start":{"line":56,"column":0},"end":{"line":56,"column":3}},"56":{"start":{"line":57,"column":0},"end":{"line":57,"column":1}}},"s":{"0":1,"1":1,"2":1,"3":1,"4":1,"5":1,"6":1,"7":1,"8":1,"9":1,"10":1,"11":1,"12":1,"13":1,"14":1,"15":1,"16":1,"17":1,"18":1,"19":1,"20":1,"21":1,"22":1,"23":1,"24":1,"25":1,"26":1,"27":1,"28":1,"29":1,"30":1,"31":1,"32":1,"33":1,"34":1,"35":1,"36":1,"37":1,"38":1,"39":1,"40":1,"41":1,"42":1,"43":1,"44":3,"45":3,"46":1,"47":1,"48":1,"49":1,"50":2,"51":2,"52":2,"53":1,"54":2,"55":2,"56":1},"branchMap":{"0":{"type":"branch","line":14,"loc":{"start":{"line":14,"column":7},"end":{"line":14,"column":22}},"locations":[{"start":{"line":14,"column":7},"end":{"line":14,"column":22}}]},"1":{"type":"branch","line":14,"loc":{"start":{"line":14,"column":7},"end":{"line":14,"column":22}},"locations":[{"start":{"line":14,"column":7},"end":{"line":14,"column":22}}]},"2":{"type":"branch","line":14,"loc":{"start":{"line":14,"column":7},"end":{"line":14,"column":22}},"locations":[{"start":{"line":14,"column":7},"end":{"line":14,"column":22}}]},"3":{"type":"branch","line":14,"loc":{"start":{"line":14,"column":7},"end":{"line":14,"column":22}},"locations":[{"start":{"line":14,"column":7},"end":{"line":14,"column":22}}]},"4":{"type":"branch","line":14,"loc":{"start":{"line":14,"column":7},"end":{"line":14,"column":22}},"locations":[{"start":{"line":14,"column":7},"end":{"line":14,"column":22}}]},"5":{"type":"branch","line":14,"loc":{"start":{"line":14,"column":7},"end":{"line":20,"column":24}},"locations":[{"start":{"line":14,"column":7},"end":{"line":20,"column":24}}]},"6":{"type":"branch","line":14,"loc":{"start":{"line":14,"column":7},"end":{"line":14,"column":22}},"locations":[{"start":{"line":14,"column":7},"end":{"line":14,"column":22}}]},"7":{"type":"branch","line":14,"loc":{"start":{"line":14,"column":7},"end":{"line":14,"column":22}},"locations":[{"start":{"line":14,"column":7},"end":{"line":14,"column":22}}]},"8":{"type":"branch","line":14,"loc":{"start":{"line":14,"column":7},"end":{"line":14,"column":22}},"locations":[{"start":{"line":14,"column":7},"end":{"line":14,"column":22}}]},"9":{"type":"branch","line":14,"loc":{"start":{"line":14,"column":7},"end":{"line":14,"column":22}},"locations":[{"start":{"line":14,"column":7},"end":{"line":14,"column":22}}]},"10":{"type":"branch","line":28,"loc":{"start":{"line":28,"column":7},"end":{"line":28,"column":22}},"locations":[{"start":{"line":28,"column":7},"end":{"line":28,"column":22}}]},"11":{"type":"branch","line":28,"loc":{"start":{"line":28,"column":7},"end":{"line":28,"column":22}},"locations":[{"start":{"line":28,"column":7},"end":{"line":28,"column":22}}]},"12":{"type":"branch","line":28,"loc":{"start":{"line":28,"column":7},"end":{"line":28,"column":22}},"locations":[{"start":{"line":28,"column":7},"end":{"line":28,"column":22}}]},"13":{"type":"branch","line":28,"loc":{"start":{"line":28,"column":7},"end":{"line":28,"column":22}},"locations":[{"start":{"line":28,"column":7},"end":{"line":28,"column":22}}]},"14":{"type":"branch","line":28,"loc":{"start":{"line":28,"column":7},"end":{"line":28,"column":22}},"locations":[{"start":{"line":28,"column":7},"end":{"line":28,"column":22}}]},"15":{"type":"branch","line":28,"loc":{"start":{"line":28,"column":7},"end":{"line":28,"column":22}},"locations":[{"start":{"line":28,"column":7},"end":{"line":28,"column":22}}]},"16":{"type":"branch","line":28,"loc":{"start":{"line":28,"column":7},"end":{"line":28,"column":22}},"locations":[{"start":{"line":28,"column":7},"end":{"line":28,"column":22}}]},"17":{"type":"branch","line":28,"loc":{"start":{"line":28,"column":7},"end":{"line":28,"column":22}},"locations":[{"start":{"line":28,"column":7},"end":{"line":28,"column":22}}]},"18":{"type":"branch","line":28,"loc":{"start":{"line":28,"column":7},"end":{"line":28,"column":22}},"locations":[{"start":{"line":28,"column":7},"end":{"line":28,"column":22}}]},"19":{"type":"branch","line":28,"loc":{"start":{"line":28,"column":7},"end":{"line":28,"column":22}},"locations":[{"start":{"line":28,"column":7},"end":{"line":28,"column":22}}]},"20":{"type":"branch","line":28,"loc":{"start":{"line":28,"column":7},"end":{"line":28,"column":22}},"locations":[{"start":{"line":28,"column":7},"end":{"line":28,"column":22}}]},"21":{"type":"branch","line":28,"loc":{"start":{"line":28,"column":7},"end":{"line":28,"column":22}},"locations":[{"start":{"line":28,"column":7},"end":{"line":28,"column":22}}]},"22":{"type":"branch","line":44,"loc":{"start":{"line":44,"column":7},"end":{"line":44,"column":22}},"locations":[{"start":{"line":44,"column":7},"end":{"line":44,"column":22}}]},"23":{"type":"branch","line":44,"loc":{"start":{"line":44,"column":7},"end":{"line":44,"column":22}},"locations":[{"start":{"line":44,"column":7},"end":{"line":44,"column":22}}]},"24":{"type":"branch","line":44,"loc":{"start":{"line":44,"column":7},"end":{"line":44,"column":22}},"locations":[{"start":{"line":44,"column":7},"end":{"line":44,"column":22}}]},"25":{"type":"branch","line":44,"loc":{"start":{"line":44,"column":7},"end":{"line":56,"column":3}},"locations":[{"start":{"line":44,"column":7},"end":{"line":56,"column":3}}]},"26":{"type":"branch","line":46,"loc":{"start":{"line":46,"column":36},"end":{"line":56,"column":3}},"locations":[{"start":{"line":46,"column":36},"end":{"line":56,"column":3}}]},"27":{"type":"branch","line":46,"loc":{"start":{"line":46,"column":36},"end":{"line":51,"column":9}},"locations":[{"start":{"line":46,"column":36},"end":{"line":51,"column":9}}]},"28":{"type":"branch","line":44,"loc":{"start":{"line":44,"column":7},"end":{"line":44,"column":22}},"locations":[{"start":{"line":44,"column":7},"end":{"line":44,"column":22}}]},"29":{"type":"branch","line":44,"loc":{"start":{"line":44,"column":7},"end":{"line":44,"column":22}},"locations":[{"start":{"line":44,"column":7},"end":{"line":44,"column":22}}]},"30":{"type":"branch","line":48,"loc":{"start":{"line":48,"column":15},"end":{"line":50,"column":7}},"locations":[{"start":{"line":48,"column":15},"end":{"line":50,"column":7}}]},"31":{"type":"branch","line":53,"loc":{"start":{"line":53,"column":15},"end":{"line":55,"column":7}},"locations":[{"start":{"line":53,"column":15},"end":{"line":55,"column":7}}]}},"b":{"0":[2],"1":[7],"2":[2],"3":[0],"4":[1],"5":[1],"6":[1],"7":[1],"8":[0],"9":[2],"10":[2],"11":[9],"12":[10],"13":[2],"14":[2],"15":[1],"16":[1],"17":[1],"18":[1],"19":[1],"20":[0],"21":[2],"22":[3],"23":[6],"24":[3],"25":[3],"26":[2],"27":[1],"28":[3],"29":[3],"30":[1],"31":[1]},"fnMap":{"0":{"name":"_callee","decl":{"start":{"line":14,"column":7},"end":{"line":14,"column":22}},"loc":{"start":{"line":14,"column":7},"end":{"line":14,"column":22}},"line":14},"1":{"name":"_callee$","decl":{"start":{"line":14,"column":7},"end":{"line":14,"column":22}},"loc":{"start":{"line":14,"column":7},"end":{"line":14,"column":22}},"line":14},"2":{"name":"_callee2","decl":{"start":{"line":28,"column":7},"end":{"line":28,"column":22}},"loc":{"start":{"line":28,"column":7},"end":{"line":28,"column":22}},"line":28},"3":{"name":"_callee2$","decl":{"start":{"line":28,"column":7},"end":{"line":28,"column":22}},"loc":{"start":{"line":28,"column":7},"end":{"line":28,"column":22}},"line":28},"4":{"name":"_callee3","decl":{"start":{"line":44,"column":7},"end":{"line":44,"column":22}},"loc":{"start":{"line":44,"column":7},"end":{"line":44,"column":22}},"line":44},"5":{"name":"_callee3$","decl":{"start":{"line":44,"column":7},"end":{"line":44,"column":22}},"loc":{"start":{"line":44,"column":7},"end":{"line":44,"column":22}},"line":44}},"f":{"0":2,"1":7,"2":2,"3":9,"4":3,"5":6}}
}
