TN:
SF:src\weather_list\cityForList.ts
FN:6,cityForList
FNF:1
FNH:1
FNDA:2,cityForList
DA:1,1
DA:2,1
DA:3,1
DA:4,1
DA:5,1
DA:6,1
DA:7,2
DA:8,2
DA:9,1
DA:10,1
DA:11,1
DA:12,1
LF:12
LH:12
BRDA:6,0,0,2
BRDA:8,1,0,1
BRF:2
BRH:2
end_of_record
TN:
SF:src\weather_list\coordForList.ts
FN:6,coordForList
FNF:1
FNH:1
FNDA:2,coordForList
DA:1,1
DA:2,1
DA:3,1
DA:4,1
DA:5,1
DA:6,1
DA:7,2
DA:8,2
DA:9,1
DA:10,1
DA:11,1
DA:12,1
DA:13,1
LF:13
LH:13
BRDA:6,0,0,2
BRDA:8,1,0,1
BRF:2
BRH:2
end_of_record
TN:
SF:src\weather_list\createDomEl.ts
FN:16,_callee2
FN:16,_callee2$
FN:59,_callee
FNF:3
FNH:2
FNDA:1,_callee2
FNDA:4,_callee2$
FNDA:0,_callee
DA:1,1
DA:2,1
DA:3,1
DA:4,1
DA:5,1
DA:6,1
DA:7,1
DA:8,1
DA:9,1
DA:10,1
DA:11,1
DA:12,1
DA:13,1
DA:14,1
DA:15,1
DA:16,1
DA:17,1
DA:18,1
DA:19,1
DA:20,1
DA:21,1
DA:22,1
DA:23,1
DA:24,1
DA:25,1
DA:26,1
DA:27,1
DA:28,1
DA:29,1
DA:30,1
DA:31,1
DA:32,1
DA:33,1
DA:34,1
DA:35,1
DA:36,1
DA:37,1
DA:38,1
DA:39,1
DA:40,1
DA:41,1
DA:42,1
DA:43,1
DA:44,1
DA:45,1
DA:46,1
DA:47,1
DA:48,1
DA:49,1
DA:50,1
DA:51,1
DA:52,1
DA:53,1
DA:54,1
DA:55,1
DA:56,1
DA:57,1
DA:58,1
DA:59,1
DA:60,1
DA:61,1
DA:62,1
DA:63,1
DA:64,1
DA:65,1
DA:66,1
DA:67,1
DA:68,1
DA:69,1
DA:70,1
DA:71,1
DA:72,1
DA:73,1
DA:74,1
DA:75,1
DA:76,1
DA:77,1
DA:78,1
DA:79,1
DA:80,1
LF:80
LH:80
BRDA:16,0,0,1
BRDA:16,1,0,4
BRDA:16,2,0,1
BRDA:16,3,0,1
BRDA:16,4,0,1
BRDA:16,5,0,1
BRDA:16,6,0,1
BRDA:16,7,0,1
BRDA:59,8,0,1
BRF:9
BRH:9
end_of_record
TN:
SF:src\weather_list\drawCityList.ts
FN:2,drawCityList
FNF:1
FNH:1
FNDA:17,drawCityList
DA:1,1
DA:2,1
DA:3,17
DA:4,1
DA:5,1
DA:6,17
DA:7,17
DA:8,17
DA:9,17
DA:10,17
DA:11,17
DA:12,17
DA:13,17
DA:14,17
DA:15,17
DA:16,17
DA:17,17
DA:18,17
DA:19,17
DA:20,17
DA:21,17
LF:21
LH:21
BRDA:2,0,0,17
BRDA:3,1,0,1
BRDA:9,2,0,52
BRF:3
BRH:3
end_of_record
TN:
SF:src\weather_list\drawInfoWindowRiht.ts
FN:4,drawInfoWindowRiht
FNF:1
FNH:1
FNDA:2,drawInfoWindowRiht
DA:1,1
DA:2,1
DA:3,1
DA:4,1
DA:5,2
DA:6,2
DA:7,1
DA:8,1
DA:9,1
DA:10,1
DA:11,1
LF:11
LH:11
BRDA:4,0,0,2
BRDA:6,1,0,1
BRF:2
BRH:2
end_of_record
TN:
SF:src\weather_list\getWeather.ts
FN:6,_callee
FN:6,_callee$
FNF:2
FNH:2
FNDA:2,_callee
FNDA:7,_callee$
DA:1,1
DA:2,1
DA:3,1
DA:4,1
DA:5,1
DA:6,1
DA:7,1
DA:8,1
DA:9,1
DA:10,1
DA:11,1
DA:12,1
DA:13,1
DA:14,1
DA:15,1
DA:16,1
LF:16
LH:16
BRDA:6,0,0,2
BRDA:6,1,0,7
BRDA:6,2,0,8
BRDA:6,3,0,2
BRDA:6,4,0,2
BRDA:6,5,0,1
BRDA:6,6,0,1
BRDA:6,7,0,1
BRDA:6,8,0,0
BRDA:6,9,0,2
BRF:10
BRH:9
end_of_record
TN:
SF:src\weather_list\localStorage_read_save.ts
FN:1,_callee
FN:1,_callee$
FN:5,_callee2
FN:5,_callee2$
FN:9,saveList
FN:13,saveCoordList
FNF:6
FNH:6
FNDA:5,_callee
FNDA:10,_callee$
FNDA:1,_callee2
FNDA:2,_callee2$
FNDA:5,saveList
FNDA:1,saveCoordList
DA:1,1
DA:2,1
DA:3,1
DA:4,1
DA:5,1
DA:6,1
DA:7,1
DA:8,1
DA:9,1
DA:10,5
DA:11,5
DA:12,5
DA:13,1
DA:14,1
DA:15,1
DA:16,1
LF:16
LH:16
BRDA:1,0,0,5
BRDA:1,1,0,10
BRDA:1,2,0,5
BRDA:3,3,0,0
BRDA:1,4,0,0
BRDA:1,5,0,5
BRDA:5,6,0,1
BRDA:5,7,0,2
BRDA:5,8,0,1
BRDA:7,9,0,0
BRDA:5,10,0,0
BRDA:5,11,0,1
BRDA:9,12,0,5
BRDA:13,13,0,1
BRF:14
BRH:10
end_of_record
TN:
SF:src\weather_list\template.ts
FN:15,Template
FN:21,updateState
FN:25,_callee2
FN:25,_callee2$
FN:26,_callee
FN:26,_callee$
FN:38,eventFunction
FN:47,_callee3
FN:47,_callee3$
FN:53,render
FNF:10
FNH:10
FNDA:9,Template
FNDA:3,updateState
FNDA:3,_callee2
FNDA:6,_callee2$
FNDA:3,_callee
FNDA:6,_callee$
FNDA:9,eventFunction
FNDA:10,_callee3
FNDA:20,_callee3$
FNDA:12,render
DA:1,1
DA:2,1
DA:3,1
DA:4,1
DA:5,1
DA:6,1
DA:7,1
DA:8,1
DA:9,1
DA:10,1
DA:11,1
DA:12,1
DA:13,1
DA:14,1
DA:15,1
DA:16,9
DA:17,9
DA:18,9
DA:19,9
DA:20,1
DA:21,1
DA:22,3
DA:23,3
DA:24,1
DA:25,1
DA:26,1
DA:27,3
DA:28,3
DA:29,1
DA:30,1
DA:31,1
DA:32,1
DA:33,1
DA:34,1
DA:35,1
DA:36,1
DA:37,1
DA:38,1
DA:39,9
DA:40,9
DA:41,9
DA:42,9
DA:43,9
DA:44,9
DA:45,9
DA:46,1
DA:47,1
DA:48,1
DA:49,1
DA:50,1
DA:51,1
DA:52,1
DA:53,1
DA:54,12
DA:55,12
DA:56,12
DA:57,1
LF:57
LH:57
BRDA:15,0,0,9
BRDA:17,1,0,5
BRDA:21,2,0,3
BRDA:25,3,0,3
BRDA:25,4,0,6
BRDA:25,5,0,3
BRDA:25,6,0,0
BRDA:25,7,0,3
BRDA:26,8,0,3
BRDA:26,9,0,6
BRDA:26,10,0,3
BRDA:26,11,0,3
BRDA:26,12,0,3
BRDA:26,13,0,3
BRDA:38,14,0,9
BRDA:39,15,0,9
BRDA:42,16,0,0
BRDA:47,17,0,10
BRDA:47,18,0,20
BRDA:47,19,0,10
BRDA:47,20,0,0
BRDA:47,21,0,10
BRDA:53,22,0,12
BRF:23
BRH:20
end_of_record
TN:
SF:src\weather_list\WeatherAfterClickOnList\showWeatherAfterClickOnList.ts
FN:6,_callee
FN:6,_callee$
FNF:2
FNH:2
FNDA:2,_callee
FNDA:5,_callee$
DA:1,1
DA:2,1
DA:3,1
DA:4,1
DA:5,1
DA:6,1
DA:7,1
DA:8,1
DA:9,1
DA:10,1
DA:11,1
DA:12,1
DA:13,1
DA:14,1
DA:15,1
DA:16,1
DA:17,1
DA:18,1
DA:19,1
LF:19
LH:19
BRDA:6,0,0,2
BRDA:6,1,0,5
BRDA:6,2,0,6
BRDA:6,3,0,2
BRDA:6,4,0,1
BRDA:6,5,0,1
BRDA:6,6,0,1
BRDA:6,7,0,2
BRDA:6,8,0,2
BRF:9
BRH:9
end_of_record
TN:
SF:src\wetherCurCityTempWindow\weatherInfoWindow.ts
FN:14,_callee
FN:14,_callee$
FN:28,_callee2
FN:28,_callee2$
FN:44,_callee3
FN:44,_callee3$
FNF:6
FNH:6
FNDA:2,_callee
FNDA:7,_callee$
FNDA:2,_callee2
FNDA:9,_callee2$
FNDA:3,_callee3
FNDA:6,_callee3$
DA:1,1
DA:2,1
DA:3,1
DA:4,1
DA:5,1
DA:6,1
DA:7,1
DA:8,1
DA:9,1
DA:10,1
DA:11,1
DA:12,1
DA:13,1
DA:14,1
DA:15,1
DA:16,1
DA:17,1
DA:18,1
DA:19,1
DA:20,1
DA:21,1
DA:22,1
DA:23,1
DA:24,1
DA:25,1
DA:26,1
DA:27,1
DA:28,1
DA:29,1
DA:30,1
DA:31,1
DA:32,1
DA:33,1
DA:34,1
DA:35,1
DA:36,1
DA:37,1
DA:38,1
DA:39,1
DA:40,1
DA:41,1
DA:42,1
DA:43,1
DA:44,1
DA:45,3
DA:46,3
DA:47,1
DA:48,1
DA:49,1
DA:50,1
DA:51,2
DA:52,2
DA:53,2
DA:54,1
DA:55,2
DA:56,2
DA:57,1
LF:57
LH:57
BRDA:14,0,0,2
BRDA:14,1,0,7
BRDA:14,2,0,2
BRDA:14,3,0,0
BRDA:14,4,0,1
BRDA:14,5,0,1
BRDA:14,6,0,1
BRDA:14,7,0,1
BRDA:14,8,0,0
BRDA:14,9,0,2
BRDA:28,10,0,2
BRDA:28,11,0,9
BRDA:28,12,0,10
BRDA:28,13,0,2
BRDA:28,14,0,2
BRDA:28,15,0,1
BRDA:28,16,0,1
BRDA:28,17,0,1
BRDA:28,18,0,1
BRDA:28,19,0,1
BRDA:28,20,0,0
BRDA:28,21,0,2
BRDA:44,22,0,3
BRDA:44,23,0,6
BRDA:44,24,0,3
BRDA:44,25,0,3
BRDA:46,26,0,2
BRDA:46,27,0,1
BRDA:44,28,0,3
BRDA:44,29,0,3
BRDA:48,30,0,1
BRDA:53,31,0,1
BRF:32
BRH:29
end_of_record
